# JRE version: OpenJDK Runtime Environment (8.0_202-b03) (build 1.8.0_202-release-1483-b03)
# Java VM: OpenJDK 64-Bit Server VM (25.202-b03 mixed mode windows-amd64 compressed oops)
Heap:
 PSYoungGen      total 84480K, used 79811K [0x00000000e0000000, 0x00000000e7400000, 0x0000000100000000)
  eden space 71680K, 97% used [0x00000000e0000000,0x00000000e4456770,0x00000000e4600000)
  from space 12800K, 76% used [0x00000000e4600000,0x00000000e4f9a768,0x00000000e5280000)
  to   space 12800K, 0% used [0x00000000e6780000,0x00000000e6780000,0x00000000e7400000)
 ParOldGen       total 128512K, used 15010K [0x00000000a0000000, 0x00000000a7d80000, 0x00000000e0000000)
  object space 128512K, 11% used [0x00000000a0000000,0x00000000a0ea8b58,0x00000000a7d80000)
 Metaspace       used 46770K, capacity 48000K, committed 48128K, reserved 1091584K
  class space    used 6276K, capacity 6607K, committed 6656K, reserved 1048576K
GC Heap History (10 events):
Event: 7.526 GC heap before
{Heap before GC invocations=7 (full 1):
 PSYoungGen      total 57344K, used 55707K [0x00000000e0000000, 0x00000000e5e80000, 0x0000000100000000)
  eden space 49152K, 100% used [0x00000000e0000000,0x00000000e3000000,0x00000000e3000000)
  from space 8192K, 80% used [0x00000000e3000000,0x00000000e3666ff0,0x00000000e3800000)
  to   space 12288K, 0% used [0x00000000e5280000,0x00000000e5280000,0x00000000e5e80000)
 ParOldGen       total 87040K, used 9885K [0x00000000a0000000, 0x00000000a5500000, 0x00000000e0000000)
  object space 87040K, 11% used [0x00000000a0000000,0x00000000a09a76a0,0x00000000a5500000)
 Metaspace       used 30442K, capacity 30918K, committed 31232K, reserved 1077248K
  class space    used 4145K, capacity 4300K, committed 4352K, reserved 1048576K
Event: 7.539 GC heap after
Heap after GC invocations=7 (full 1):
 PSYoungGen      total 83456K, used 6874K [0x00000000e0000000, 0x00000000e5d80000, 0x0000000100000000)
  eden space 72192K, 0% used [0x00000000e0000000,0x00000000e0000000,0x00000000e4680000)
  from space 11264K, 61% used [0x00000000e5280000,0x00000000e5936910,0x00000000e5d80000)
  to   space 11776K, 0% used [0x00000000e4680000,0x00000000e4680000,0x00000000e5200000)
 ParOldGen       total 87040K, used 9893K [0x00000000a0000000, 0x00000000a5500000, 0x00000000e0000000)
  object space 87040K, 11% used [0x00000000a0000000,0x00000000a09a96a0,0x00000000a5500000)
 Metaspace       used 30442K, capacity 30918K, committed 31232K, reserved 1077248K
  class space    used 4145K, capacity 4300K, committed 4352K, reserved 1048576K
}
Event: 10.220 GC heap before
{Heap before GC invocations=8 (full 1):
 PSYoungGen      total 83456K, used 79066K [0x00000000e0000000, 0x00000000e5d80000, 0x0000000100000000)
  eden space 72192K, 100% used [0x00000000e0000000,0x00000000e4680000,0x00000000e4680000)
  from space 11264K, 61% used [0x00000000e5280000,0x00000000e5936910,0x00000000e5d80000)
  to   space 11776K, 0% used [0x00000000e4680000,0x00000000e4680000,0x00000000e5200000)
 ParOldGen       total 87040K, used 9893K [0x00000000a0000000, 0x00000000a5500000, 0x00000000e0000000)
  object space 87040K, 11% used [0x00000000a0000000,0x00000000a09a96a0,0x00000000a5500000)
 Metaspace       used 34192K, capacity 34842K, committed 35200K, reserved 1079296K
  class space    used 4702K, capacity 4884K, committed 4992K, reserved 1048576K
Event: 10.246 GC heap after
Heap after GC invocations=8 (full 1):
 PSYoungGen      total 83968K, used 11169K [0x00000000e0000000, 0x00000000e5d80000, 0x0000000100000000)
  eden space 72192K, 0% used [0x00000000e0000000,0x00000000e0000000,0x00000000e4680000)
  from space 11776K, 94% used [0x00000000e4680000,0x00000000e5168630,0x00000000e5200000)
  to   space 11264K, 0% used [0x00000000e5280000,0x00000000e5280000,0x00000000e5d80000)
 ParOldGen       total 87040K, used 9901K [0x00000000a0000000, 0x00000000a5500000, 0x00000000e0000000)
  object space 87040K, 11% used [0x00000000a0000000,0x00000000a09ab6a0,0x00000000a5500000)
 Metaspace       used 34192K, capacity 34842K, committed 35200K, reserved 1079296K
  class space    used 4702K, capacity 4884K, committed 4992K, reserved 1048576K
}
Event: 48.476 GC heap before
{Heap before GC invocations=9 (full 1):
 PSYoungGen      total 83968K, used 24873K [0x00000000e0000000, 0x00000000e5d80000, 0x0000000100000000)
  eden space 72192K, 18% used [0x00000000e0000000,0x00000000e0d61ec8,0x00000000e4680000)
  from space 11776K, 94% used [0x00000000e4680000,0x00000000e5168630,0x00000000e5200000)
  to   space 11264K, 0% used [0x00000000e5280000,0x00000000e5280000,0x00000000e5d80000)
 ParOldGen       total 87040K, used 9901K [0x00000000a0000000, 0x00000000a5500000, 0x00000000e0000000)
  object space 87040K, 11% used [0x00000000a0000000,0x00000000a09ab6a0,0x00000000a5500000)
 Metaspace       used 34675K, capacity 35342K, committed 35456K, reserved 1079296K
  class space    used 4747K, capacity 4940K, committed 4992K, reserved 1048576K
Event: 48.499 GC heap after
Heap after GC invocations=9 (full 1):
 PSYoungGen      total 82944K, used 8768K [0x00000000e0000000, 0x00000000e7c80000, 0x0000000100000000)
  eden space 71680K, 0% used [0x00000000e0000000,0x00000000e0000000,0x00000000e4600000)
  from space 11264K, 77% used [0x00000000e5280000,0x00000000e5b10000,0x00000000e5d80000)
  to   space 12800K, 0% used [0x00000000e4600000,0x00000000e4600000,0x00000000e5280000)
 ParOldGen       total 87040K, used 9909K [0x00000000a0000000, 0x00000000a5500000, 0x00000000e0000000)
  object space 87040K, 11% used [0x00000000a0000000,0x00000000a09ad6a0,0x00000000a5500000)
 Metaspace       used 34675K, capacity 35342K, committed 35456K, reserved 1079296K
  class space    used 4747K, capacity 4940K, committed 4992K, reserved 1048576K
}
Event: 48.499 GC heap before
{Heap before GC invocations=10 (full 2):
 PSYoungGen      total 82944K, used 8768K [0x00000000e0000000, 0x00000000e7c80000, 0x0000000100000000)
  eden space 71680K, 0% used [0x00000000e0000000,0x00000000e0000000,0x00000000e4600000)
  from space 11264K, 77% used [0x00000000e5280000,0x00000000e5b10000,0x00000000e5d80000)
  to   space 12800K, 0% used [0x00000000e4600000,0x00000000e4600000,0x00000000e5280000)
 ParOldGen       total 87040K, used 9909K [0x00000000a0000000, 0x00000000a5500000, 0x00000000e0000000)
  object space 87040K, 11% used [0x00000000a0000000,0x00000000a09ad6a0,0x00000000a5500000)
 Metaspace       used 34675K, capacity 35342K, committed 35456K, reserved 1079296K
  class space    used 4747K, capacity 4940K, committed 4992K, reserved 1048576K
Event: 48.650 GC heap after
Heap after GC invocations=10 (full 2):
 PSYoungGen      total 82944K, used 0K [0x00000000e0000000, 0x00000000e7c80000, 0x0000000100000000)
  eden space 71680K, 0% used [0x00000000e0000000,0x00000000e0000000,0x00000000e4600000)
  from space 11264K, 0% used [0x00000000e5280000,0x00000000e5280000,0x00000000e5d80000)
  to   space 12800K, 0% used [0x00000000e4600000,0x00000000e4600000,0x00000000e5280000)
 ParOldGen       total 128512K, used 15002K [0x00000000a0000000, 0x00000000a7d80000, 0x00000000e0000000)
  object space 128512K, 11% used [0x00000000a0000000,0x00000000a0ea6b58,0x00000000a7d80000)
 Metaspace       used 34666K, capacity 35312K, committed 35456K, reserved 1079296K
  class space    used 4744K, capacity 4935K, committed 4992K, reserved 1048576K
}
Event: 50.142 GC heap before
{Heap before GC invocations=11 (full 2):
 PSYoungGen      total 82944K, used 71680K [0x00000000e0000000, 0x00000000e7c80000, 0x0000000100000000)
  eden space 71680K, 100% used [0x00000000e0000000,0x00000000e4600000,0x00000000e4600000)
  from space 11264K, 0% used [0x00000000e5280000,0x00000000e5280000,0x00000000e5d80000)
  to   space 12800K, 0% used [0x00000000e4600000,0x00000000e4600000,0x00000000e5280000)
 ParOldGen       total 128512K, used 15002K [0x00000000a0000000, 0x00000000a7d80000, 0x00000000e0000000)
  object space 128512K, 11% used [0x00000000a0000000,0x00000000a0ea6b58,0x00000000a7d80000)
 Metaspace       used 42731K, capacity 43654K, committed 44032K, reserved 1087488K
  class space    used 5752K, capacity 6017K, committed 6144K, reserved 1048576K
Event: 50.151 GC heap after
Heap after GC invocations=11 (full 2):
 PSYoungGen      total 84480K, used 9833K [0x00000000e0000000, 0x00000000e7400000, 0x0000000100000000)
  eden space 71680K, 0% used [0x00000000e0000000,0x00000000e0000000,0x00000000e4600000)
  from space 12800K, 76% used [0x00000000e4600000,0x00000000e4f9a768,0x00000000e5280000)
  to   space 12800K, 0% used [0x00000000e6780000,0x00000000e6780000,0x00000000e7400000)
 ParOldGen       total 128512K, used 15010K [0x00000000a0000000, 0x00000000a7d80000, 0x00000000e0000000)
  object space 128512K, 11% used [0x00000000a0000000,0x00000000a0ea8b58,0x00000000a7d80000)
 Metaspace       used 42731K, capacity 43654K, committed 44032K, reserved 1087488K
  class space    used 5752K, capacity 6017K, committed 6144K, reserved 1048576K
}

